Flutter crash report; please file at https://github.com/flutter/flutter/issues.

## command

flutter attach

## exception

_InternalLinkedHashMap<String, dynamic>: {code: 105, message: Isolate must be runnable, data: {request: {method: _reloadSources, params: {pause: false, rootLibUri: file:///Users/cgtn/Library/Developer/CoreSimulator/Devices/BACD27E7-61FB-45F3-B3FC-02016CAF105C/data/Containers/Data/Application/C2C8A3EE-D448-4166-B651-109BE32497FC/tmp/poem_detail_flutter4o1XnZ/poem_detail_flutter/lib/main.dart.incremental.dill, packagesUri: file:///Users/cgtn/Library/Developer/CoreSimulator/Devices/BACD27E7-61FB-45F3-B3FC-02016CAF105C/data/Containers/Data/Application/C2C8A3EE-D448-4166-B651-109BE32497FC/tmp/poem_detail_flutter4o1XnZ/poem_detail_flutter/.packages, isolateId: isolates/1005830469}}, details: Isolate must be runnable before this request is made.}}

```
null```

## flutter doctor

```
[32m[✓][39m Flutter (Channel stable, v1.7.8+hotfix.4, on Mac OS X 10.14.5 18F132, locale
    zh-Hans-CN)
    [32m•[39m Flutter version 1.7.8+hotfix.4 at /Users/cgtn/flutter
    [32m•[39m Framework revision 20e59316b8 (7 weeks ago), 2019-07-18 20:04:33 -0700
    [32m•[39m Engine revision fee001c93f
    [32m•[39m Dart version 2.4.0

[32m[✓][39m Android toolchain - develop for Android devices (Android SDK version 28.0.3)
    [32m•[39m Android SDK at /Users/cgtn/android-sdk-macosx
    [32m•[39m Android NDK location not configured (optional; useful for native profiling
      support)
    [32m•[39m Platform android-28, build-tools 28.0.3
    [32m•[39m ANDROID_HOME = /Users/cgtn/android-sdk-macosx
    [32m•[39m Java binary at: /Applications/Android
      Studio.app/Contents/jre/jdk/Contents/Home/bin/java
    [32m•[39m Java version OpenJDK Runtime Environment (build
      1.8.0_152-release-1343-b01)
    [32m•[39m All Android licenses accepted.

[32m[✓][39m Xcode - develop for iOS and macOS (Xcode 10.3)
    [32m•[39m Xcode at /Applications/Xcode.app/Contents/Developer
    [32m•[39m Xcode 10.3, Build version 10G8
    [32m•[39m CocoaPods version 1.7.5

[32m[✓][39m iOS tools - develop for iOS devices
    [32m•[39m ios-deploy 1.9.4

[32m[✓][39m Android Studio (version 3.4)
    [32m•[39m Android Studio at /Applications/Android Studio.app/Contents
    [32m•[39m Flutter plugin version 34.0.2
    [32m•[39m Dart plugin version 183.5901
    [32m•[39m Java version OpenJDK Runtime Environment (build
      1.8.0_152-release-1343-b01)

[32m[✓][39m Connected device (1 available)
    [32m•[39m iPhone 8 • BACD27E7-61FB-45F3-B3FC-02016CAF105C • ios •
      com.apple.CoreSimulator.SimRuntime.iOS-12-4 (simulator)

[32m•[39m No issues found!
```
